2022-07-21 21:25:39.706  INFO 41246 --- [restartedMain] com.retail.Retail.RetailApplication      : Starting RetailApplication using Java 11.0.13 on sazbserg-Swift-SF314-41 with PID 41246 (/home/sazbserg/IdeaProjects/Retail/target/classes started by sazbserg in /home/sazbserg/IdeaProjects/Retail)
2022-07-21 21:25:39.707  INFO 41246 --- [restartedMain] com.retail.Retail.RetailApplication      : No active profile set, falling back to 1 default profile: "default"
2022-07-21 21:25:39.769  INFO 41246 --- [restartedMain] o.s.b.devtools.restart.ChangeableUrls    : The Class-Path manifest attribute in /home/sazbserg/.m2/repository/com/sun/xml/bind/jaxb-core/2.3.0/jaxb-core-2.3.0.jar referenced one or more files that do not exist: file:/home/sazbserg/.m2/repository/com/sun/xml/bind/jaxb-core/2.3.0/jaxb-api.jar
2022-07-21 21:25:39.770  INFO 41246 --- [restartedMain] o.s.b.devtools.restart.ChangeableUrls    : The Class-Path manifest attribute in /home/sazbserg/.m2/repository/com/sun/xml/bind/jaxb-impl/2.3.0/jaxb-impl-2.3.0.jar referenced one or more files that do not exist: file:/home/sazbserg/.m2/repository/com/sun/xml/bind/jaxb-impl/2.3.0/jaxb-core.jar
2022-07-21 21:25:39.771  INFO 41246 --- [restartedMain] .e.DevToolsPropertyDefaultsPostProcessor : Devtools property defaults active! Set 'spring.devtools.add-properties' to 'false' to disable
2022-07-21 21:25:39.771  INFO 41246 --- [restartedMain] .e.DevToolsPropertyDefaultsPostProcessor : For additional web related logging consider setting the 'logging.level.web' property to 'DEBUG'
2022-07-21 21:25:40.641  INFO 41246 --- [restartedMain] .s.d.r.c.RepositoryConfigurationDelegate : Bootstrapping Spring Data JPA repositories in DEFAULT mode.
2022-07-21 21:25:40.714  INFO 41246 --- [restartedMain] .s.d.r.c.RepositoryConfigurationDelegate : Finished Spring Data repository scanning in 65 ms. Found 11 JPA repository interfaces.
2022-07-21 21:25:41.317  INFO 41246 --- [restartedMain] o.s.b.w.embedded.tomcat.TomcatWebServer  : Tomcat initialized with port(s): 8088 (http)
2022-07-21 21:25:41.332  INFO 41246 --- [restartedMain] o.apache.catalina.core.StandardService   : Starting service [Tomcat]
2022-07-21 21:25:41.333  INFO 41246 --- [restartedMain] org.apache.catalina.core.StandardEngine  : Starting Servlet engine: [Apache Tomcat/9.0.62]
2022-07-21 21:25:41.404  INFO 41246 --- [restartedMain] o.a.c.c.C.[Tomcat].[localhost].[/]       : Initializing Spring embedded WebApplicationContext
2022-07-21 21:25:41.404  INFO 41246 --- [restartedMain] w.s.c.ServletWebServerApplicationContext : Root WebApplicationContext: initialization completed in 1632 ms
2022-07-21 21:25:41.544  INFO 41246 --- [restartedMain] o.hibernate.jpa.internal.util.LogHelper  : HHH000204: Processing PersistenceUnitInfo [name: default]
2022-07-21 21:25:41.586  INFO 41246 --- [restartedMain] org.hibernate.Version                    : HHH000412: Hibernate ORM core version 5.6.8.Final
2022-07-21 21:25:41.717  INFO 41246 --- [restartedMain] o.hibernate.annotations.common.Version   : HCANN000001: Hibernate Commons Annotations {5.1.2.Final}
2022-07-21 21:25:41.806  INFO 41246 --- [restartedMain] com.zaxxer.hikari.HikariDataSource       : HikariPool-1 - Starting...
2022-07-21 21:25:42.133  INFO 41246 --- [restartedMain] com.zaxxer.hikari.HikariDataSource       : HikariPool-1 - Start completed.
2022-07-21 21:25:42.147  INFO 41246 --- [restartedMain] org.hibernate.dialect.Dialect            : HHH000400: Using dialect: org.hibernate.dialect.MySQL8Dialect
2022-07-21 21:25:43.653  INFO 41246 --- [restartedMain] o.h.e.t.j.p.i.JtaPlatformInitiator       : HHH000490: Using JtaPlatform implementation: [org.hibernate.engine.transaction.jta.platform.internal.NoJtaPlatform]
2022-07-21 21:25:43.664  INFO 41246 --- [restartedMain] j.LocalContainerEntityManagerFactoryBean : Initialized JPA EntityManagerFactory for persistence unit 'default'
2022-07-21 21:25:44.423  INFO 41246 --- [restartedMain] o.s.s.web.DefaultSecurityFilterChain     : Will secure any request with [org.springframework.security.web.context.request.async.WebAsyncManagerIntegrationFilter@667fb997, org.springframework.security.web.context.SecurityContextPersistenceFilter@30b16a63, org.springframework.security.web.header.HeaderWriterFilter@314d191b, org.springframework.security.web.authentication.logout.LogoutFilter@5fd46583, org.springframework.security.web.authentication.UsernamePasswordAuthenticationFilter@3595de1e, org.springframework.security.web.savedrequest.RequestCacheAwareFilter@8443109, org.springframework.security.web.servletapi.SecurityContextHolderAwareRequestFilter@5f01a8f6, org.springframework.security.web.authentication.AnonymousAuthenticationFilter@4a7eaedc, org.springframework.security.web.session.SessionManagementFilter@610801ca, org.springframework.security.web.access.ExceptionTranslationFilter@1d9432b3, org.springframework.security.web.access.intercept.FilterSecurityInterceptor@1c2f487e]
2022-07-21 21:25:44.891  INFO 41246 --- [restartedMain] o.s.b.d.a.OptionalLiveReloadServer       : LiveReload server is running on port 35729
2022-07-21 21:25:44.934  INFO 41246 --- [restartedMain] o.s.b.w.embedded.tomcat.TomcatWebServer  : Tomcat started on port(s): 8088 (http) with context path ''
2022-07-21 21:25:44.950  INFO 41246 --- [restartedMain] com.retail.Retail.RetailApplication      : Started RetailApplication in 5.728 seconds (JVM running for 6.57)
2022-07-21 21:25:44.954  INFO 41246 --- [restartedMain] com.retail.Retail.RetailApplication      : RetailApplication успешно запущено в [Thu Jul 21 21:25:44 EEST 2022]
2022-07-21 21:27:18.215  INFO 41246 --- [SpringApplicationShutdownHook] j.LocalContainerEntityManagerFactoryBean : Closing JPA EntityManagerFactory for persistence unit 'default'
2022-07-21 21:27:18.221  INFO 41246 --- [SpringApplicationShutdownHook] com.zaxxer.hikari.HikariDataSource       : HikariPool-1 - Shutdown initiated...
2022-07-21 21:27:18.253  INFO 41246 --- [SpringApplicationShutdownHook] com.zaxxer.hikari.HikariDataSource       : HikariPool-1 - Shutdown completed.
