2022-08-02 15:24:36.599  INFO 36728 --- [restartedMain] com.retail.Retail.RetailApplication      : Starting RetailApplication using Java 11.0.13 on sazbserg-Swift-SF314-41 with PID 36728 (/home/sazbserg/IdeaProjects/Retail/target/classes started by sazbserg in /home/sazbserg/IdeaProjects/Retail)
2022-08-02 15:24:36.618  INFO 36728 --- [restartedMain] com.retail.Retail.RetailApplication      : The following 1 profile is active: "@spring.profiles.active@"
2022-08-02 15:24:36.779  INFO 36728 --- [restartedMain] o.s.b.devtools.restart.ChangeableUrls    : The Class-Path manifest attribute in /home/sazbserg/.m2/repository/com/sun/xml/bind/jaxb-core/2.3.0/jaxb-core-2.3.0.jar referenced one or more files that do not exist: file:/home/sazbserg/.m2/repository/com/sun/xml/bind/jaxb-core/2.3.0/jaxb-api.jar
2022-08-02 15:24:36.780  INFO 36728 --- [restartedMain] o.s.b.devtools.restart.ChangeableUrls    : The Class-Path manifest attribute in /home/sazbserg/.m2/repository/com/sun/xml/bind/jaxb-impl/2.3.0/jaxb-impl-2.3.0.jar referenced one or more files that do not exist: file:/home/sazbserg/.m2/repository/com/sun/xml/bind/jaxb-impl/2.3.0/jaxb-core.jar
2022-08-02 15:24:36.783  INFO 36728 --- [restartedMain] .e.DevToolsPropertyDefaultsPostProcessor : Devtools property defaults active! Set 'spring.devtools.add-properties' to 'false' to disable
2022-08-02 15:24:36.784  INFO 36728 --- [restartedMain] .e.DevToolsPropertyDefaultsPostProcessor : For additional web related logging consider setting the 'logging.level.web' property to 'DEBUG'
2022-08-02 15:24:38.320  INFO 36728 --- [restartedMain] .s.d.r.c.RepositoryConfigurationDelegate : Bootstrapping Spring Data JPA repositories in DEFAULT mode.
2022-08-02 15:24:38.434  INFO 36728 --- [restartedMain] .s.d.r.c.RepositoryConfigurationDelegate : Finished Spring Data repository scanning in 94 ms. Found 11 JPA repository interfaces.
2022-08-02 15:24:39.236  INFO 36728 --- [restartedMain] o.s.b.w.embedded.tomcat.TomcatWebServer  : Tomcat initialized with port(s): 8088 (http)
2022-08-02 15:24:39.245  INFO 36728 --- [restartedMain] o.apache.catalina.core.StandardService   : Starting service [Tomcat]
2022-08-02 15:24:39.246  INFO 36728 --- [restartedMain] org.apache.catalina.core.StandardEngine  : Starting Servlet engine: [Apache Tomcat/9.0.62]
2022-08-02 15:24:39.331  INFO 36728 --- [restartedMain] o.a.c.c.C.[Tomcat].[localhost].[/]       : Initializing Spring embedded WebApplicationContext
2022-08-02 15:24:39.331  INFO 36728 --- [restartedMain] w.s.c.ServletWebServerApplicationContext : Root WebApplicationContext: initialization completed in 2544 ms
2022-08-02 15:24:39.488  INFO 36728 --- [restartedMain] o.hibernate.jpa.internal.util.LogHelper  : HHH000204: Processing PersistenceUnitInfo [name: default]
2022-08-02 15:24:39.566  INFO 36728 --- [restartedMain] org.hibernate.Version                    : HHH000412: Hibernate ORM core version 5.6.8.Final
2022-08-02 15:24:39.725  INFO 36728 --- [restartedMain] o.hibernate.annotations.common.Version   : HCANN000001: Hibernate Commons Annotations {5.1.2.Final}
2022-08-02 15:24:39.862  INFO 36728 --- [restartedMain] com.zaxxer.hikari.HikariDataSource       : HikariPool-1 - Starting...
2022-08-02 15:24:40.570  INFO 36728 --- [restartedMain] com.zaxxer.hikari.HikariDataSource       : HikariPool-1 - Start completed.
2022-08-02 15:24:40.590  INFO 36728 --- [restartedMain] org.hibernate.dialect.Dialect            : HHH000400: Using dialect: org.hibernate.dialect.MySQL8Dialect
2022-08-02 15:24:42.107  INFO 36728 --- [restartedMain] o.h.e.t.j.p.i.JtaPlatformInitiator       : HHH000490: Using JtaPlatform implementation: [org.hibernate.engine.transaction.jta.platform.internal.NoJtaPlatform]
2022-08-02 15:24:42.137  INFO 36728 --- [restartedMain] j.LocalContainerEntityManagerFactoryBean : Initialized JPA EntityManagerFactory for persistence unit 'default'
2022-08-02 15:24:43.214  INFO 36728 --- [restartedMain] o.s.s.web.DefaultSecurityFilterChain     : Will secure any request with [org.springframework.security.web.context.request.async.WebAsyncManagerIntegrationFilter@54c8bbfa, org.springframework.security.web.context.SecurityContextPersistenceFilter@599530b9, org.springframework.security.web.header.HeaderWriterFilter@3f6e7f27, org.springframework.security.web.authentication.logout.LogoutFilter@4fa5aa3c, org.springframework.security.web.authentication.UsernamePasswordAuthenticationFilter@1c438c49, org.springframework.security.web.savedrequest.RequestCacheAwareFilter@6f34780c, org.springframework.security.web.servletapi.SecurityContextHolderAwareRequestFilter@79cd52ab, org.springframework.security.web.authentication.AnonymousAuthenticationFilter@7609353a, org.springframework.security.web.session.SessionManagementFilter@2605e14, org.springframework.security.web.access.ExceptionTranslationFilter@4a78b9b1, org.springframework.security.web.access.intercept.FilterSecurityInterceptor@5a555169]
2022-08-02 15:24:43.818  WARN 36728 --- [restartedMain] o.s.b.d.a.OptionalLiveReloadServer       : Unable to start LiveReload server
2022-08-02 15:24:43.908  INFO 36728 --- [restartedMain] o.s.b.w.embedded.tomcat.TomcatWebServer  : Tomcat started on port(s): 8088 (http) with context path ''
2022-08-02 15:24:43.953  INFO 36728 --- [restartedMain] com.retail.Retail.RetailApplication      : Started RetailApplication in 8.2 seconds (JVM running for 9.518)
2022-08-02 15:25:03.545  INFO 36728 --- [Thread-1] j.LocalContainerEntityManagerFactoryBean : Closing JPA EntityManagerFactory for persistence unit 'default'
2022-08-02 15:25:03.551  INFO 36728 --- [Thread-1] com.zaxxer.hikari.HikariDataSource       : HikariPool-1 - Shutdown initiated...
2022-08-02 15:25:03.583  INFO 36728 --- [Thread-1] com.zaxxer.hikari.HikariDataSource       : HikariPool-1 - Shutdown completed.
